<?xml version="1.0" encoding="UTF-8" ?>
<testsuite errors="0" failures="0" hostname="vizio-PC" name="RectangleTest" skipped="0" tests="2" time="0.011" timestamp="2015-12-26T04:44:01">
  <properties>
    <property name="java.vendor" value="Oracle Corporation" />
    <property name="lib.dir" value="C:\Users\vizio\Dropbox\Courses\CS680_682\homework\hw7\CS680-HW7-1/lib" />
    <property name="sun.java.launcher" value="SUN_STANDARD" />
    <property name="sun.management.compiler" value="HotSpot 64-Bit Tiered Compilers" />
    <property name="os.name" value="Windows 7" />
    <property name="sun.boot.class.path" value="C:\Program Files\Java\jdk1.8.0_25\jre\lib\resources.jar;C:\Program Files\Java\jdk1.8.0_25\jre\lib\rt.jar;C:\Program Files\Java\jdk1.8.0_25\jre\lib\sunrsasign.jar;C:\Program Files\Java\jdk1.8.0_25\jre\lib\jsse.jar;C:\Program Files\Java\jdk1.8.0_25\jre\lib\jce.jar;C:\Program Files\Java\jdk1.8.0_25\jre\lib\charsets.jar;C:\Program Files\Java\jdk1.8.0_25\jre\lib\jfr.jar;C:\Program Files\Java\jdk1.8.0_25\jre\classes" />
    <property name="findbugs.home" value="findbugs" />
    <property name="sun.desktop" value="windows" />
    <property name="junit-report" value="C:\Users\vizio\Dropbox\Courses\CS680_682\homework\hw7\CS680-HW7-1/report/junit-report" />
    <property name="java.vm.specification.vendor" value="Oracle Corporation" />
    <property name="ant.home" value="C:\apache-ant-1.9.6" />
    <property name="java.runtime.version" value="1.8.0_25-b18" />
    <property name="user.name" value="vizio" />
    <property name="ant.file.CS680-HW7-1" value="C:\Users\vizio\Dropbox\Courses\CS680_682\homework\hw7\CS680-HW7-1\build.xml" />
    <property name="user.language" value="en" />
    <property name="sun.boot.library.path" value="C:\Program Files\Java\jdk1.8.0_25\jre\bin" />
    <property name="ant.project.default-target" value="test" />
    <property name="ant.project.name" value="CS680-HW7-1" />
    <property name="edu.umd.cs.findbugs.FindBugs2.executeReturnCode.1e9aff72-e30d-46a4-9892-ad0f74dbfb62" value="0" />
    <property name="java.version" value="1.8.0_25" />
    <property name="user.timezone" value="America/New_York" />
    <property name="sun.arch.data.model" value="64" />
    <property name="java.endorsed.dirs" value="C:\Program Files\Java\jdk1.8.0_25\jre\lib\endorsed" />
    <property name="sun.cpu.isalist" value="amd64" />
    <property name="sun.jnu.encoding" value="Cp1252" />
    <property name="file.encoding.pkg" value="sun.io" />
    <property name="file.separator" value="\" />
    <property name="java.specification.name" value="Java Platform API Specification" />
    <property name="classes.dir" value="C:\Users\vizio\Dropbox\Courses\CS680_682\homework\hw7\CS680-HW7-1/bin" />
    <property name="java.class.version" value="52.0" />
    <property name="user.country" value="US" />
    <property name="java.home" value="C:\Program Files\Java\jdk1.8.0_25\jre" />
    <property name="java.vm.info" value="mixed mode" />
    <property name="ant.file" value="C:\Users\vizio\Dropbox\Courses\CS680_682\homework\hw7\CS680-HW7-1\build.xml" />
    <property name="os.version" value="6.1" />
    <property name="ant.file.type.CS680-HW7-1" value="file" />
    <property name="path.separator" value=";" />
    <property name="java.vm.version" value="25.25-b02" />
    <property name="user.variant" value="" />
    <property name="ant.library.dir" value="C:\apache-ant-1.9.6\lib" />
    <property name="java.awt.printerjob" value="sun.awt.windows.WPrinterJob" />
    <property name="sun.io.unicode.encoding" value="UnicodeLittle" />
    <property name="awt.toolkit" value="sun.awt.windows.WToolkit" />
    <property name="sun.stdout.encoding" value="cp437" />
    <property name="findbugs-report" value="C:\Users\vizio\Dropbox\Courses\CS680_682\homework\hw7\CS680-HW7-1/report/findbugs-report" />
    <property name="user.script" value="" />
    <property name="user.home" value="C:\Users\vizio" />
    <property name="java.specification.vendor" value="Oracle Corporation" />
    <property name="test.dir" value="C:\Users\vizio\Dropbox\Courses\CS680_682\homework\hw7\CS680-HW7-1/test/src" />
    <property name="java.library.path" value="C:\Program Files\Java\jdk1.8.0_25\bin;C:\Windows\Sun\Java\bin;C:\Windows\system32;C:\Windows;C:\ProgramData\Oracle\Java\javapath;C:\Program Files\Common Files\Microsoft Shared\Windows Live;C:\Program Files (x86)\Common Files\Microsoft Shared\Windows Live;C:\Program Files (x86)\Intel\iCLS Client\;C:\Program Files\Intel\iCLS Client\;C:\Windows\system32;C:\Windows;C:\Windows\System32\Wbem;C:\Program Files (x86)\Intel\OpenCL SDK\2.0\bin\x86;C:\Program Files (x86)\Intel\OpenCL SDK\2.0\bin\x64;C:\Program Files\Intel\Intel(R) Management Engine Components\DAL;C:\Program Files\Intel\Intel(R) Management Engine Components\IPT;C:\Program Files (x86)\Intel\Intel(R) Management Engine Components\DAL;C:\Program Files (x86)\Intel\Intel(R) Management Engine Components\IPT;C:\Program Files (x86)\Windows Live\Shared;C:\Program Files\Microsoft\Web Platform Installer\;C:\Program Files (x86)\Microsoft SDKs\Azure\CLI\wbin;C:\Windows\System32\WindowsPowerShell\v1.0\;C:\Program Files\Microsoft SQL Server\110\Tools\Binn\;C:\Windows\System32\WindowsPowerShell\v1.0\;C:\Program Files (x86)\Windows Kits\8.1\Windows Performance Toolkit\;C:\Program Files (x86)\Microsoft SDKs\TypeScript\1.0\;C:\Program Files\Java\jre1.8.0_25\bin;C:\Program Files\Java\jdk1.8.0_25\bin;C:\Program Files (x86)\QuickTime\QTSystem\;C:\Program Files\TortoiseSVN\bin;C:\apache-ant-1.9.6\bin;C:\Program Files (x86)\SSH Communications Security\SSH Secure Shell;." />
    <property name="java.vendor.url" value="http://java.oracle.com/" />
    <property name="java.vm.vendor" value="Oracle Corporation" />
    <property name="java.runtime.name" value="Java(TM) SE Runtime Environment" />
    <property name="sun.java.command" value="org.apache.tools.ant.launch.Launcher -cp CLASSPATH=.;C:\Program Files\Java\jdk1.8.0_25\lib;C:\apache-ant-1.9.6\lib" />
    <property name="java.class.path" value="C:\apache-ant-1.9.6\lib\ant-launcher.jar;C:\Users\vizio\Dropbox\Courses\CS680_682\homework\hw7\CS680-HW7-1\CLASSPATH=.;C:\Program Files\Java\jdk1.8.0_25\lib\;C:\apache-ant-1.9.6\lib\;C:\apache-ant-1.9.6\lib\ant-antlr.jar;C:\apache-ant-1.9.6\lib\ant-apache-bcel.jar;C:\apache-ant-1.9.6\lib\ant-apache-bsf.jar;C:\apache-ant-1.9.6\lib\ant-apache-log4j.jar;C:\apache-ant-1.9.6\lib\ant-apache-oro.jar;C:\apache-ant-1.9.6\lib\ant-apache-regexp.jar;C:\apache-ant-1.9.6\lib\ant-apache-resolver.jar;C:\apache-ant-1.9.6\lib\ant-apache-xalan2.jar;C:\apache-ant-1.9.6\lib\ant-commons-logging.jar;C:\apache-ant-1.9.6\lib\ant-commons-net.jar;C:\apache-ant-1.9.6\lib\ant-jai.jar;C:\apache-ant-1.9.6\lib\ant-javamail.jar;C:\apache-ant-1.9.6\lib\ant-jdepend.jar;C:\apache-ant-1.9.6\lib\ant-jmf.jar;C:\apache-ant-1.9.6\lib\ant-jsch.jar;C:\apache-ant-1.9.6\lib\ant-junit.jar;C:\apache-ant-1.9.6\lib\ant-junit4.jar;C:\apache-ant-1.9.6\lib\ant-launcher.jar;C:\apache-ant-1.9.6\lib\ant-netrexx.jar;C:\apache-ant-1.9.6\lib\ant-swing.jar;C:\apache-ant-1.9.6\lib\ant-testutil.jar;C:\apache-ant-1.9.6\lib\ant.jar;C:\Program Files\Java\jdk1.8.0_25\lib\tools.jar" />
    <property name="ant.version" value="Apache Ant(TM) version 1.9.6 compiled on June 29 2015" />
    <property name="java.vm.specification.name" value="Java Virtual Machine Specification" />
    <property name="ant.file.type" value="file" />
    <property name="java.vm.specification.version" value="1.8" />
    <property name="sun.cpu.endian" value="little" />
    <property name="sun.os.patch.level" value="Service Pack 1" />
    <property name="java.io.tmpdir" value="C:\Users\vizio\AppData\Local\Temp\" />
    <property name="java.vendor.url.bug" value="http://bugreport.sun.com/bugreport/" />
    <property name="os.arch" value="amd64" />
    <property name="java.awt.graphicsenv" value="sun.awt.Win32GraphicsEnvironment" />
    <property name="java.ext.dirs" value="C:\Program Files\Java\jdk1.8.0_25\jre\lib\ext;C:\Windows\Sun\Java\lib\ext" />
    <property name="user.dir" value="C:\Users\vizio\Dropbox\Courses\CS680_682\homework\hw7\CS680-HW7-1" />
    <property name="line.separator" value="&#xd;&#xa;" />
    <property name="java.vm.name" value="Java HotSpot(TM) 64-Bit Server VM" />
    <property name="basedir" value="C:\Users\vizio\Dropbox\Courses\CS680_682\homework\hw7\CS680-HW7-1" />
    <property name="ant.java.version" value="1.8" />
    <property name="ant.core.lib" value="C:\apache-ant-1.9.6\lib\ant.jar" />
    <property name="sun.stderr.encoding" value="cp437" />
    <property name="file.encoding" value="Cp1252" />
    <property name="java.specification.version" value="1.8" />
    <property name="src.dir" value="C:\Users\vizio\Dropbox\Courses\CS680_682\homework\hw7\CS680-HW7-1/src" />
    <property name="ant.project.invoked-targets" value="test" />
  </properties>
  <testcase classname="RectangleTest" name="getAreaTest" time="0.003" />
  <testcase classname="RectangleTest" name="getPointsTest" time="0.001" />
  <system-out><![CDATA[]]></system-out>
  <system-err><![CDATA[]]></system-err>
</testsuite>
