<?xml version="1.0" encoding="UTF-8" ?>
<testsuite errors="0" failures="0" hostname="vizio-PC" name="TriangleTest" skipped="0" tests="2" time="0.013" timestamp="2015-12-26T04:42:50">
  <properties>
    <property name="java.vendor" value="Oracle Corporation" />
    <property name="lib.dir" value="C:\Users\vizio\Dropbox\Courses\CS680_682\homework\hw8\CS680-HW8-1/lib" />
    <property name="sun.java.launcher" value="SUN_STANDARD" />
    <property name="sun.management.compiler" value="HotSpot 64-Bit Tiered Compilers" />
    <property name="edu.umd.cs.findbugs.FindBugs2.executeReturnCode.2cce2aed-a94f-4285-812e-a187356a5b42" value="0" />
    <property name="jacoco-report" value="C:\Users\vizio\Dropbox\Courses\CS680_682\homework\hw8\CS680-HW8-1/report/jacoco-report" />
    <property name="os.name" value="Windows 7" />
    <property name="sun.boot.class.path" value="C:\Program Files\Java\jdk1.8.0_25\jre\lib\resources.jar;C:\Program Files\Java\jdk1.8.0_25\jre\lib\rt.jar;C:\Program Files\Java\jdk1.8.0_25\jre\lib\sunrsasign.jar;C:\Program Files\Java\jdk1.8.0_25\jre\lib\jsse.jar;C:\Program Files\Java\jdk1.8.0_25\jre\lib\jce.jar;C:\Program Files\Java\jdk1.8.0_25\jre\lib\charsets.jar;C:\Program Files\Java\jdk1.8.0_25\jre\lib\jfr.jar;C:\Program Files\Java\jdk1.8.0_25\jre\classes" />
    <property name="findbugs.home" value="findbugs" />
    <property name="sun.desktop" value="windows" />
    <property name="junit-report" value="C:\Users\vizio\Dropbox\Courses\CS680_682\homework\hw8\CS680-HW8-1/report/junit-report" />
    <property name="java.vm.specification.vendor" value="Oracle Corporation" />
    <property name="ant.home" value="C:\apache-ant-1.9.6" />
    <property name="java.runtime.version" value="1.8.0_25-b18" />
    <property name="ant.file.CS680-HW8-1" value="C:\Users\vizio\Dropbox\Courses\CS680_682\homework\hw8\CS680-HW8-1\build.xml" />
    <property name="user.name" value="vizio" />
    <property name="user.language" value="en" />
    <property name="sun.boot.library.path" value="C:\Program Files\Java\jdk1.8.0_25\jre\bin" />
    <property name="ant.project.default-target" value="test" />
    <property name="ant.project.name" value="CS680-HW8-1" />
    <property name="java.version" value="1.8.0_25" />
    <property name="user.timezone" value="America/New_York" />
    <property name="sun.arch.data.model" value="64" />
    <property name="java.endorsed.dirs" value="C:\Program Files\Java\jdk1.8.0_25\jre\lib\endorsed" />
    <property name="sun.cpu.isalist" value="amd64" />
    <property name="sun.jnu.encoding" value="Cp1252" />
    <property name="file.encoding.pkg" value="sun.io" />
    <property name="file.separator" value="\" />
    <property name="java.specification.name" value="Java Platform API Specification" />
    <property name="classes.dir" value="C:\Users\vizio\Dropbox\Courses\CS680_682\homework\hw8\CS680-HW8-1/bin" />
    <property name="java.class.version" value="52.0" />
    <property name="user.country" value="US" />
    <property name="java.home" value="C:\Program Files\Java\jdk1.8.0_25\jre" />
    <property name="ant.file.type.CS680-HW8-1" value="file" />
    <property name="java.vm.info" value="mixed mode" />
    <property name="ant.file" value="C:\Users\vizio\Dropbox\Courses\CS680_682\homework\hw8\CS680-HW8-1\build.xml" />
    <property name="os.version" value="6.1" />
    <property name="path.separator" value=";" />
    <property name="java.vm.version" value="25.25-b02" />
    <property name="user.variant" value="" />
    <property name="ant.library.dir" value="C:\apache-ant-1.9.6\lib" />
    <property name="java.awt.printerjob" value="sun.awt.windows.WPrinterJob" />
    <property name="sun.io.unicode.encoding" value="UnicodeLittle" />
    <property name="awt.toolkit" value="sun.awt.windows.WToolkit" />
    <property name="_jacoco.agentFile" value="C:\Users\vizio\AppData\Local\Temp\jacocoagent7091229638231203164.jar" />
    <property name="sun.stdout.encoding" value="cp437" />
    <property name="findbugs-report" value="C:\Users\vizio\Dropbox\Courses\CS680_682\homework\hw8\CS680-HW8-1/report/findbugs-report" />
    <property name="user.script" value="" />
    <property name="user.home" value="C:\Users\vizio" />
    <property name="java.specification.vendor" value="Oracle Corporation" />
    <property name="test.dir" value="C:\Users\vizio\Dropbox\Courses\CS680_682\homework\hw8\CS680-HW8-1/test/src" />
    <property name="java.library.path" value="C:\Program Files\Java\jdk1.8.0_25\jre\bin;C:\Windows\Sun\Java\bin;C:\Windows\system32;C:\Windows;C:\ProgramData\Oracle\Java\javapath;C:\Program Files\Common Files\Microsoft Shared\Windows Live;C:\Program Files (x86)\Common Files\Microsoft Shared\Windows Live;C:\Program Files (x86)\Intel\iCLS Client\;C:\Program Files\Intel\iCLS Client\;C:\Windows\system32;C:\Windows;C:\Windows\System32\Wbem;C:\Program Files (x86)\Intel\OpenCL SDK\2.0\bin\x86;C:\Program Files (x86)\Intel\OpenCL SDK\2.0\bin\x64;C:\Program Files\Intel\Intel(R) Management Engine Components\DAL;C:\Program Files\Intel\Intel(R) Management Engine Components\IPT;C:\Program Files (x86)\Intel\Intel(R) Management Engine Components\DAL;C:\Program Files (x86)\Intel\Intel(R) Management Engine Components\IPT;C:\Program Files (x86)\Windows Live\Shared;C:\Program Files\Microsoft\Web Platform Installer\;C:\Program Files (x86)\Microsoft SDKs\Azure\CLI\wbin;C:\Windows\System32\WindowsPowerShell\v1.0\;C:\Program Files\Microsoft SQL Server\110\Tools\Binn\;C:\Windows\System32\WindowsPowerShell\v1.0\;C:\Program Files (x86)\Windows Kits\8.1\Windows Performance Toolkit\;C:\Program Files (x86)\Microsoft SDKs\TypeScript\1.0\;C:\Program Files\Java\jre1.8.0_25\bin;C:\Program Files\Java\jdk1.8.0_25\bin;C:\Program Files (x86)\QuickTime\QTSystem\;C:\Program Files\TortoiseSVN\bin;C:\apache-ant-1.9.6\bin;C:\Program Files (x86)\SSH Communications Security\SSH Secure Shell;." />
    <property name="java.vendor.url" value="http://java.oracle.com/" />
    <property name="java.vm.vendor" value="Oracle Corporation" />
    <property name="java.runtime.name" value="Java(TM) SE Runtime Environment" />
    <property name="sun.java.command" value="org.apache.tools.ant.taskdefs.optional.junit.JUnitTestRunner testsfile=C:\Users\vizio\Dropbox\Courses\CS680_682\homework\hw8\CS680-HW8-1\junittestcases912773736355492379.properties skipNonTests=false filtertrace=true haltOnError=false haltOnFailure=false formatter=org.apache.tools.ant.taskdefs.optional.junit.SummaryJUnitResultFormatter showoutput=false outputtoformatters=true logfailedtests=true threadid=0 logtestlistenerevents=false formatter=org.apache.tools.ant.taskdefs.optional.junit.PlainJUnitResultFormatter,C:\Users\vizio\Dropbox\Courses\CS680_682\homework\hw8\CS680-HW8-1\report\junit-report\IGNORETHIS.txt formatter=org.apache.tools.ant.taskdefs.optional.junit.XMLJUnitResultFormatter,C:\Users\vizio\Dropbox\Courses\CS680_682\homework\hw8\CS680-HW8-1\report\junit-report\IGNORETHIS.xml crashfile=C:\Users\vizio\Dropbox\Courses\CS680_682\homework\hw8\CS680-HW8-1\junitvmwatcher3830548666227756647.properties propsfile=C:\Users\vizio\Dropbox\Courses\CS680_682\homework\hw8\CS680-HW8-1\junit3369390892809855369.properties" />
    <property name="java.class.path" value="C:\Users\vizio\Dropbox\Courses\CS680_682\homework\hw8\CS680-HW8-1\lib\jacocoant.jar;C:\Users\vizio\Dropbox\Courses\CS680_682\homework\hw8\CS680-HW8-1\lib\junit.jar;C:\Users\vizio\Dropbox\Courses\CS680_682\homework\hw8\CS680-HW8-1\lib\org.hamcrest.core_1.3.0.v201303031735.jar;C:\Users\vizio\Dropbox\Courses\CS680_682\homework\hw8\CS680-HW8-1\findbugs\lib\annotations.jar;C:\Users\vizio\Dropbox\Courses\CS680_682\homework\hw8\CS680-HW8-1\findbugs\lib\ant.jar;C:\Users\vizio\Dropbox\Courses\CS680_682\homework\hw8\CS680-HW8-1\findbugs\lib\asm-debug-all-5.0.2.jar;C:\Users\vizio\Dropbox\Courses\CS680_682\homework\hw8\CS680-HW8-1\findbugs\lib\bcel-6.0-SNAPSHOT.jar;C:\Users\vizio\Dropbox\Courses\CS680_682\homework\hw8\CS680-HW8-1\findbugs\lib\commons-lang-2.6.jar;C:\Users\vizio\Dropbox\Courses\CS680_682\homework\hw8\CS680-HW8-1\findbugs\lib\dom4j-1.6.1.jar;C:\Users\vizio\Dropbox\Courses\CS680_682\homework\hw8\CS680-HW8-1\findbugs\lib\findbugs-ant.jar;C:\Users\vizio\Dropbox\Courses\CS680_682\homework\hw8\CS680-HW8-1\findbugs\lib\findbugs.jar;C:\Users\vizio\Dropbox\Courses\CS680_682\homework\hw8\CS680-HW8-1\findbugs\lib\jFormatString.jar;C:\Users\vizio\Dropbox\Courses\CS680_682\homework\hw8\CS680-HW8-1\findbugs\lib\jaxen-1.1.6.jar;C:\Users\vizio\Dropbox\Courses\CS680_682\homework\hw8\CS680-HW8-1\findbugs\lib\jcip-annotations.jar;C:\Users\vizio\Dropbox\Courses\CS680_682\homework\hw8\CS680-HW8-1\findbugs\lib\jdepend-2.9.jar;C:\Users\vizio\Dropbox\Courses\CS680_682\homework\hw8\CS680-HW8-1\findbugs\lib\jsr305.jar;C:\Users\vizio\Dropbox\Courses\CS680_682\homework\hw8\CS680-HW8-1\findbugs\lib\yjp-controller-api-redist.jar;C:\Users\vizio\Dropbox\Courses\CS680_682\homework\hw8\CS680-HW8-1\bin;C:\Program Files\Java\jdk1.8.0_25\lib;C:\apache-ant-1.9.6\lib;C:\apache-ant-1.9.6\lib\ant-launcher.jar;C:\apache-ant-1.9.6\lib\ant.jar;C:\apache-ant-1.9.6\lib\ant-junit.jar;C:\apache-ant-1.9.6\lib\ant-junit4.jar;C:\Users\vizio\AppData\Local\Temp\jacocoagent7091229638231203164.jar" />
    <property name="ant.version" value="Apache Ant(TM) version 1.9.6 compiled on June 29 2015" />
    <property name="java.vm.specification.name" value="Java Virtual Machine Specification" />
    <property name="ant.file.type" value="file" />
    <property name="java.vm.specification.version" value="1.8" />
    <property name="sun.cpu.endian" value="little" />
    <property name="sun.os.patch.level" value="Service Pack 1" />
    <property name="java.io.tmpdir" value="C:\Users\vizio\AppData\Local\Temp\" />
    <property name="java.vendor.url.bug" value="http://bugreport.sun.com/bugreport/" />
    <property name="os.arch" value="amd64" />
    <property name="java.awt.graphicsenv" value="sun.awt.Win32GraphicsEnvironment" />
    <property name="java.ext.dirs" value="C:\Program Files\Java\jdk1.8.0_25\jre\lib\ext;C:\Windows\Sun\Java\lib\ext" />
    <property name="user.dir" value="C:\Users\vizio\Dropbox\Courses\CS680_682\homework\hw8\CS680-HW8-1" />
    <property name="line.separator" value="&#xd;&#xa;" />
    <property name="java.vm.name" value="Java HotSpot(TM) 64-Bit Server VM" />
    <property name="basedir" value="C:\Users\vizio\Dropbox\Courses\CS680_682\homework\hw8\CS680-HW8-1" />
    <property name="ant.java.version" value="1.8" />
    <property name="ant.core.lib" value="C:\apache-ant-1.9.6\lib\ant.jar" />
    <property name="file.encoding" value="Cp1252" />
    <property name="sun.stderr.encoding" value="cp437" />
    <property name="java.specification.version" value="1.8" />
    <property name="src.dir" value="C:\Users\vizio\Dropbox\Courses\CS680_682\homework\hw8\CS680-HW8-1/src" />
    <property name="ant.project.invoked-targets" value="test" />
  </properties>
  <testcase classname="TriangleTest" name="getAreaTest" time="0.004" />
  <testcase classname="TriangleTest" name="getPointsTest" time="0.0" />
  <system-out><![CDATA[]]></system-out>
  <system-err><![CDATA[]]></system-err>
</testsuite>
